<?xml version="1.0" encoding="UTF-8"?>
<!-- Generated by org.testng.reporters.JUnitReportReporter -->
<testsuite skipped="0" hostname="GS-5241" name="com.task.automation.test.HomeScreen" tests="1" failures="0" timestamp="2020-05-27T13:05:20 IST" time="15.970" errors="0">
  <testcase name="TC_validateoutputDateInFormat" time="15.970" classname="com.task.automation.test.HomeScreen"/>
</testsuite> <!-- com.task.automation.test.HomeScreen -->
