<?xml version="1.0" encoding="UTF-8"?>
<!-- Generated by org.testng.reporters.JUnitReportReporter -->
<testsuite skipped="0" hostname="GS-5241" name="com.task.automation.test.SignIn" tests="1" failures="0" timestamp="2020-05-20T19:09:57 IST" time="46.298" errors="0">
  <testcase name="TC_CreateUser" time="46.298" classname="com.task.automation.test.SignIn"/>
</testsuite> <!-- com.task.automation.test.SignIn -->
